base_caas-admin_envstate.txt
base_dai-smsi_envstate.txt
base_dai-smsi-relay_envstate.txt
base_smsi-publisher_envstate.txt
fw_caas-admin_envstate.txt
fw_dai-cip-feedback_envstate.txt
fw_dai-smsi_envstate.txt
fw_dai-smsi-relay_envstate.txt
fw_Dynamic-Ad-Insertion-cm_envstate.txt
fw_Dynamic-Ad-Insertion-engine_envstate.txt
fw_smsi-publisher_envstate.txt
kodiak_caas-admin_envstate.txt
kodiak_dai-cip-feedback_envstate.txt
kodiak_dai-smsi_envstate.txt
kodiak_dai-smsi-relay_envstate.txt
kodiak_Dynamic-Ad-Insertion-cm_envstate.txt
kodiak_smsi-publisher_envstate.txt
l2ladscom01-ads0201.envstate.txt
l2ladstw01-ads0101_40.envstate.txt
l2ladstw01-ads0101.envstate.txt
l2lcip01-CIP_FN_FW.envstate.txt
l2lsmspubtwl01-smsi-pub.envstate.txt
