-rw-rw-r-- 1 cvbuild cvbuild    24 Jul 28 16:41 dai-cip-feedback5_app.txt
-rw-rw-r-- 1 cvbuild cvbuild    30 Jul 28 16:41 dai-cip-feedback5_envstate.txt
-rw-rw-r-- 1 cvbuild cvbuild    30 Jul 28 16:41 dai-cip-feedback5.logs
-rw-rw-r-- 1 cvbuild cvbuild    24 Jul 28 17:25 dai-cip-feedbackcip-server_app.txt
-rw-rw-r-- 1 cvbuild cvbuild    30 Jul 28 17:25 dai-cip-feedbackcip-server_envstate.txt
-rw-rw-r-- 1 cvbuild cvbuild    30 Jul 28 17:25 dai-cip-feedbackcip-server.logs
-rw-rw-r-- 1 cvbuild cvbuild    26 Jul 28 16:42 dai-smsi5_app.txt
-rw-rw-r-- 1 cvbuild cvbuild    28 Jul 28 16:42 dai-smsi5_envstate.txt
-rw-rw-r-- 1 cvbuild cvbuild    30 Jul 28 16:42 dai-smsi5.logs
-rw-rw-r-- 1 cvbuild cvbuild    32 Jul 28 16:43 dai-smsi-relay2_app.txt
-rw-rw-r-- 1 cvbuild cvbuild    30 Jul 28 16:43 dai-smsi-relay2_envstate.txt
-rw-rw-r-- 1 cvbuild cvbuild    30 Jul 28 16:43 dai-smsi-relay2.logs
-rw-rw-r-- 1 cvbuild cvbuild    26 Jul 28 17:26 dai-smsisafi-smsi-server_app.txt
-rw-rw-r-- 1 cvbuild cvbuild    28 Jul 28 17:26 dai-smsisafi-smsi-server_envstate.txt
-rw-rw-r-- 1 cvbuild cvbuild    30 Jul 28 17:26 dai-smsisafi-smsi-server.logs
-rw-rw-r-- 1 cvbuild cvbuild    24 Jul 28 17:11 Dynamic-Ad-Insertion-cm5_app.txt
-rw-rw-r-- 1 cvbuild cvbuild    30 Jul 28 17:11 Dynamic-Ad-Insertion-cm5_envstate.txt
-rw-rw-r-- 1 cvbuild cvbuild    30 Jul 28 17:11 Dynamic-Ad-Insertion-cm5.logs
-rw-rw-r-- 1 cvbuild cvbuild    24 Jul 28 17:23 Dynamic-Ad-Insertion-cmDynamic-Ad-Insertion-cm_app.txt
-rw-rw-r-- 1 cvbuild cvbuild    30 Jul 28 17:23 Dynamic-Ad-Insertion-cmDynamic-Ad-Insertion-cm_envstate.txt
-rw-rw-r-- 1 cvbuild cvbuild    30 Jul 28 17:23 Dynamic-Ad-Insertion-cmDynamic-Ad-Insertion-cm.logs
-rw-rw-r-- 1 cvbuild cvbuild    26 Jul 28 16:44 Dynamic-Ad-Insertion-engine10_app.txt
-rw-rw-r-- 1 cvbuild cvbuild    30 Jul 28 16:44 Dynamic-Ad-Insertion-engine10_envstate.txt
-rw-rw-r-- 1 cvbuild cvbuild    30 Jul 28 16:44 Dynamic-Ad-Insertion-engine10.logs
-rw-rw-r-- 1 cvbuild cvbuild    28 Jul 28 16:40 impression_collector5_app.txt
-rw-rw-r-- 1 cvbuild cvbuild    30 Jul 28 16:40 impression_collector5_envstate.txt
-rw-rw-r-- 1 cvbuild cvbuild    30 Jul 28 16:41 impression_collector5.logs
-rw-rw-r-- 1 cvbuild cvbuild    28 Jul 28 17:24 impression_collectorimpression_collector_server_app.txt
-rw-rw-r-- 1 cvbuild cvbuild    30 Jul 28 17:24 impression_collectorimpression_collector_server_envstate.txt
-rw-rw-r-- 1 cvbuild cvbuild    30 Jul 28 17:24 impression_collectorimpression_collector_server.logs
-rw-rw-r-- 1 cvbuild cvbuild    25 Jul 28 17:25 Pgmr-Cpgn-Int0_app.txt
-rw-rw-r-- 1 cvbuild cvbuild    30 Jul 28 17:25 Pgmr-Cpgn-Int0_envstate.txt
-rw-rw-r-- 1 cvbuild cvbuild    30 Jul 28 17:25 Pgmr-Cpgn-Int0.logs
-rw-rw-r-- 1 cvbuild cvbuild    25 Jul 28 16:41 Pgmr-Cpgn-Int2_app.txt
-rw-rw-r-- 1 cvbuild cvbuild    30 Jul 28 16:41 Pgmr-Cpgn-Int2_envstate.txt
-rw-rw-r-- 1 cvbuild cvbuild    30 Jul 28 16:41 Pgmr-Cpgn-Int2.logs
-rw-rw-r-- 1 cvbuild cvbuild    13 Jul 28 17:25 Pgmr-Cpgn-Int.instdate.txt
-rw-rw-r-- 1 cvbuild cvbuild    35 Jul 28 17:25 Pgmr-Cpgn-Int.JDK.txt
-rw-rw-r-- 1 cvbuild cvbuild     9 Jul 28 17:25 Pgmr-Cpgn-Int.txt
-rw-rw-r-- 1 cvbuild cvbuild    30 Jul 28 16:42 smsi-publisher5_app.txt
-rw-rw-r-- 1 cvbuild cvbuild    30 Jul 28 16:42 smsi-publisher5_envstate.txt
-rw-rw-r-- 1 cvbuild cvbuild    30 Jul 28 16:42 smsi-publisher5.logs
-rw-rw-r-- 1 cvbuild cvbuild    30 Jul 28 17:26 smsi-publishersmsi-publisher_app.txt
-rw-rw-r-- 1 cvbuild cvbuild    30 Jul 28 17:26 smsi-publishersmsi-publisher_envstate.txt
-rw-rw-r-- 1 cvbuild cvbuild    30 Jul 28 17:26 smsi-publishersmsi-publisher.logs
