dai-cip-feedback5_app.txt
dai-cip-feedback5_envstate.txt
dai-cip-feedback5.logs
dai-cip-feedbackcip-server_app.txt
dai-cip-feedbackcip-server_envstate.txt
dai-cip-feedbackcip-server.logs
dai-smsi5_app.txt
dai-smsi5_envstate.txt
dai-smsi5.logs
dai-smsi-relay2_app.txt
dai-smsi-relay2_envstate.txt
dai-smsi-relay2.logs
dai-smsisafi-smsi-server_app.txt
dai-smsisafi-smsi-server_envstate.txt
dai-smsisafi-smsi-server.logs
Dynamic-Ad-Insertion-cm5_app.txt
Dynamic-Ad-Insertion-cm5_envstate.txt
Dynamic-Ad-Insertion-cm5.logs
Dynamic-Ad-Insertion-cmDynamic-Ad-Insertion-cm_app.txt
Dynamic-Ad-Insertion-cmDynamic-Ad-Insertion-cm_envstate.txt
Dynamic-Ad-Insertion-cmDynamic-Ad-Insertion-cm.logs
Dynamic-Ad-Insertion-engine10_app.txt
Dynamic-Ad-Insertion-engine10_envstate.txt
Dynamic-Ad-Insertion-engine10.logs
impression_collector5_app.txt
impression_collector5_envstate.txt
impression_collector5.logs
impression_collectorimpression_collector_server_app.txt
impression_collectorimpression_collector_server_envstate.txt
impression_collectorimpression_collector_server.logs
Pgmr-Cpgn-Int0_app.txt
Pgmr-Cpgn-Int0_envstate.txt
Pgmr-Cpgn-Int0.logs
Pgmr-Cpgn-Int2_app.txt
Pgmr-Cpgn-Int2_envstate.txt
Pgmr-Cpgn-Int2.logs
Pgmr-Cpgn-Int.instdate.txt
Pgmr-Cpgn-Int.JDK.txt
Pgmr-Cpgn-Int.txt
smsi-publisher5_app.txt
smsi-publisher5_envstate.txt
smsi-publisher5.logs
smsi-publishersmsi-publisher_app.txt
smsi-publishersmsi-publisher_envstate.txt
smsi-publishersmsi-publisher.logs
