"162.150.72.107"
"cv-acp01.cv.prod"
"cv-alm01.cv.prod"
"cv-bas01.cv.prod"
"cv-cip_feedbk01.cv.prod"
"cv-cip_feedbk02.cv.prod"
"cv-cip_feedbk03.cv.prod"
"cv-cip_feedbk04.cv.prod"
"cv-cip_sndr01.cv.prod"
"cv-cm01.cv.prod"
"cv-dec_eng01.cv.prod"
"cv-dec_eng02.cv.prod"
"cv-dec_eng03.cv.prod"
"cv-dec_eng04.cv.prod"
"cv-dec_eng05.cv.prod"
"cv-dec_eng06.cv.prod"
"cv-dec_eng07.cv.prod"
"cv-dec_eng08.cv.prod"
"cv-dec_eng09.cv.prod"
"cv-dec_eng10.cv.prod"
"cv-dec_eng11.cv.prod"
"cv-dec_eng12.cv.prod"
"cv-de_ciping01.cv.prod"
"cv-de_ciping02.cv.prod"
"cv-de_ciping03.cv.prod"
"cv-de_ciping04.cv.prod"
"cv-de_ciping05.cv.prod"
"cv-de_ciping06.cv.prod"
"cv-de_cis01.cv.prod"
"cv-de_cis02.cv.prod"
"cv-imp_coll01.cv.prod"
"cv-imp_coll02.cv.prod"
"cv-imp_coll03.cv.prod"
"cv-meta_pub01.cv.prod"
"cv-ncis01.cv.prod"
"cv-pci01.cv.prod"
"cv-pci03.cv.prod"
"cv-pois01.cv.prod"
"cv-pois02.cv.prod"
"cv-reqman01.cv.prod"
"cv-reqman02.cv.prod"
"cv-smsi_ing01.cv.prod"
"cv-smsi_ing02.cv.prod"
"cv-smsi_ing03.cv.prod"
"cv-smsi_ing04.cv.prod"
"cv-smsi_ing05.cv.prod"
"cv-smsi_ing06.cv.prod"
"cv-smsi_pub01.cv.prod"
"cv-smsi_pub02.cv.prod"
"cv-smsi_pub03.cv.prod"
"cv-smsi_pub04.cv.prod"
"cv-smsi_pub05.cv.prod"
"cv-smsi_pub06.cv.prod"
"cv-smsi_relay01.cv.prod"
"cv-smsi_relay02.cv.prod"
