-rw-rw-r-- 1 cvbuild cvbuild    24 Jul 28 16:41 dai-cip-feedback4_app.txt
-rw-rw-r-- 1 cvbuild cvbuild    28 Jul 28 16:41 dai-cip-feedback4_envstate.txt
-rw-rw-r-- 1 cvbuild cvbuild    30 Jul 28 16:41 dai-cip-feedback4.logs
-rw-rw-r-- 1 cvbuild cvbuild    26 Jul 28 16:42 dai-smsi3_app.txt
-rw-rw-r-- 1 cvbuild cvbuild    28 Jul 28 16:42 dai-smsi3_envstate.txt
-rw-rw-r-- 1 cvbuild cvbuild    30 Jul 28 16:42 dai-smsi3.logs
-rw-rw-r-- 1 cvbuild cvbuild    32 Jul 28 16:43 dai-smsi-relay1_app.txt
-rw-rw-r-- 1 cvbuild cvbuild    28 Jul 28 16:43 dai-smsi-relay1_envstate.txt
-rw-rw-r-- 1 cvbuild cvbuild    30 Jul 28 16:43 dai-smsi-relay1.logs
-rw-rw-r-- 1 cvbuild cvbuild    24 Jul 28 17:11 Dynamic-Ad-Insertion-cm3_app.txt
-rw-rw-r-- 1 cvbuild cvbuild    30 Jul 28 17:11 Dynamic-Ad-Insertion-cm3_envstate.txt
-rw-rw-r-- 1 cvbuild cvbuild    30 Jul 28 17:11 Dynamic-Ad-Insertion-cm3.logs
-rw-rw-r-- 1 cvbuild cvbuild    26 Jul 28 16:44 Dynamic-Ad-Insertion-engine6_app.txt
-rw-rw-r-- 1 cvbuild cvbuild    30 Jul 28 16:44 Dynamic-Ad-Insertion-engine6_envstate.txt
-rw-rw-r-- 1 cvbuild cvbuild    30 Jul 28 16:44 Dynamic-Ad-Insertion-engine6.logs
-rw-rw-r-- 1 cvbuild cvbuild    28 Jul 28 16:40 impression_collector3_app.txt
-rw-rw-r-- 1 cvbuild cvbuild    28 Jul 28 16:40 impression_collector3_envstate.txt
-rw-rw-r-- 1 cvbuild cvbuild    30 Jul 28 16:40 impression_collector3.logs
-rw-rw-r-- 1 cvbuild cvbuild    25 Jul 28 16:41 Pgmr-Cpgn-Int1_app.txt
-rw-rw-r-- 1 cvbuild cvbuild    30 Jul 28 16:41 Pgmr-Cpgn-Int1_envstate.txt
-rw-rw-r-- 1 cvbuild cvbuild    30 Jul 28 16:41 Pgmr-Cpgn-Int1.logs
-rw-rw-r-- 1 cvbuild cvbuild    30 Jul 28 16:42 smsi-publisher3_app.txt
-rw-rw-r-- 1 cvbuild cvbuild    30 Jul 28 16:42 smsi-publisher3_envstate.txt
-rw-rw-r-- 1 cvbuild cvbuild    30 Jul 28 16:42 smsi-publisher3.logs
