dai-cip-feedback4_app.txt
dai-cip-feedback4_envstate.txt
dai-cip-feedback4.logs
dai-smsi3_app.txt
dai-smsi3_envstate.txt
dai-smsi3.logs
dai-smsi-relay1_app.txt
dai-smsi-relay1_envstate.txt
dai-smsi-relay1.logs
Dynamic-Ad-Insertion-cm3_app.txt
Dynamic-Ad-Insertion-cm3_envstate.txt
Dynamic-Ad-Insertion-cm3.logs
Dynamic-Ad-Insertion-engine6_app.txt
Dynamic-Ad-Insertion-engine6_envstate.txt
Dynamic-Ad-Insertion-engine6.logs
impression_collector3_app.txt
impression_collector3_envstate.txt
impression_collector3.logs
Pgmr-Cpgn-Int1_app.txt
Pgmr-Cpgn-Int1_envstate.txt
Pgmr-Cpgn-Int1.logs
smsi-publisher3_app.txt
smsi-publisher3_envstate.txt
smsi-publisher3.logs
