cv-l2lbrd-clstr1
cv-l2lbrd-clstr2
cv-l2lbrd-clstr3
cv-l2lbrd-clstr4
cv-l2lcmc-clstr1
cv-l2lcmc-clstr2
cv-l2lcmc-clstr3
cv-l2lcmc-clstr4
cv-l2lcox-clstr1
cv-l2lcox-clstr2
cv-l2lcox-clstr3
cv-l2lcox-clstr4
cv-l2lcox-clstr5
cv-l2lfw-clstr1
cv-l2lfw-clstr2
cv-l2lfw-clstr3
cv-l2lfw-clstr4
cv-l2lggl-clstr1
cv-l2lggl-clstr2
cv-l2lggl-clstr3
cv-l2lggl-clstr4
cv-l2lrtk-clstr1
cv-l2lrtk-clstr2
cv-l2lrtk-clstr3
cv-l2lrtk-clstr4
cv-l2ltwc-clstr1
cv-l2ltwc-clstr2
cv-l2ltwc-clstr3
cv-l2ltwc-clstr4
cv-l2ltwc-clstr5
