cv-pfcip_feedbk01.cv.perf
cv-pfcip_feedbk02.cv.perf
cv-pfcluster01.cv.perf
cv-pfcluster02.cv.perf
cv-pfcluster03.cv.perf
cv-pfcluster04.cv.perf
cv-pfdce.cv.perf
cv-pfdec_eng01.cv.perf
cv-pfdec_eng02.cv.perf
cv-pfdec_eng03.cv.perf
cv-pfdec_eng04.cv.perf
cv-pfdec_eng05.cv.perf
cv-pfdec_eng06.cv.perf
cv-pfde_ciping01.cv.perf
cv-pfde_ciping02.cv.perf
cv-pfde_ciping03.cv.perf
cv-pfde_ciping04.cv.perf
cv-pffeeder02.cv.perf
cv-pfimp_coll01.cv.perf
cv-pfimp_coll02.cv.perf
cv-pfmicrostrat01.cv.perf
cv-pfpci01.cv.perf
cv-pfpci02.cv.perf
cv-pfpci03.cv.perf
cv-pfpois01.cv.perf
cv-pfpois02.cv.perf
cv-pfrqman01.cv.perf
cv-pfrqman02.cv.perf
cv-pfrqman03.cv.perf
cv-pfrqman04.cv.perf
cv-pfrqman05.cv.perf
cv-pfscol01.cv.perf
cv-pfscol02.cv.perf
cv-pfscol03.cv.perf
cv-pfscol04.cv.perf
cv-pfscol05.cv.perf
cv-pfsmsi_ing01.cv.perf
cv-pfsmsi_ing02.cv.perf
cv-pfsmsi_ing03.cv.perf
cv-pfsmsi_ing04.cv.perf
cv-pfsmsi_pub01.cv.perf
cv-pfsmsi_pub02.cv.perf
cv-pfsmsi_pub03.cv.perf
cv-pfsmsi_pub04.cv.perf
cv-pfsmsi_relay01.cv.perf
cv-pfsmsi_relay02.cv.perf
cv-pfsmsi_relay03.cv.perf
cv-pfsmsi_relay04.cv.perf
cv-pfsmsi_relay05.cv.perf
cv-pfsmsi_relay06.cv.perf
cv-pfsmsi-relay07.cv.perf
cv-pfsmsi-relay08.cv.perf
